-------------------------------------------------------------------------------
Test set: forum.alura.api.ApiApplicationTests
-------------------------------------------------------------------------------
Tests run: 1, Failures: 0, Errors: 1, Skipped: 0, Time elapsed: 5.181 s <<< FAILURE! - in forum.alura.api.ApiApplicationTests
contextLoads  Time elapsed: 0.012 s  <<< ERROR!
java.lang.IllegalStateException: Failed to load ApplicationContext for [WebMergedContextConfiguration@6282f1eb testClass = forum.alura.api.ApiApplicationTests, locations = [], classes = [forum.alura.api.ApiApplication], contextInitializerClasses = [], activeProfiles = [], propertySourceLocations = [], propertySourceProperties = ["org.springframework.boot.test.context.SpringBootTestContextBootstrapper=true"], contextCustomizers = [org.springframework.boot.test.context.filter.ExcludeFilterContextCustomizer@242b836, org.springframework.boot.test.json.DuplicateJsonObjectContextCustomizerFactory$DuplicateJsonObjectContextCustomizer@5a45133e, org.springframework.boot.test.mock.mockito.MockitoContextCustomizer@0, org.springframework.boot.test.web.client.TestRestTemplateContextCustomizer@4686afc2, org.springframework.boot.test.autoconfigure.actuate.observability.ObservabilityContextCustomizerFactory$DisableObservabilityContextCustomizer@9da1, org.springframework.boot.test.autoconfigure.properties.PropertyMappingContextCustomizer@0, org.springframework.boot.test.autoconfigure.web.servlet.WebDriverContextCustomizerFactory$Customizer@2a265ea9, org.springframework.boot.test.context.SpringBootTestAnnotation@e2046e], resourceBasePath = "src/main/webapp", contextLoader = org.springframework.boot.test.context.SpringBootContextLoader, parent = null]
Caused by: org.springframework.beans.factory.UnsatisfiedDependencyException: Error creating bean with name 'topicosController' defined in file [C:\Users\escul\OneDrive\Escritorio\Challenge-foro-alura\Proyecto-API\target\classes\forum\alura\api\controladores\TopicosController.class]: Unsatisfied dependency expressed through constructor parameter 0: Error creating bean with name 'topicoServiceImpl' defined in file [C:\Users\escul\OneDrive\Escritorio\Challenge-foro-alura\Proyecto-API\target\classes\forum\alura\api\services\TopicoServiceImpl.class]: Unsatisfied dependency expressed through constructor parameter 0: Error creating bean with name 'ITopicoRepositorio' defined in forum.alura.api.repositorios.ITopicoRepositorio defined in @EnableJpaRepositories declared on JpaRepositoriesRegistrar.EnableJpaRepositoriesConfiguration: Not a managed type: class forum.alura.api.modelos.topicos
Caused by: org.springframework.beans.factory.UnsatisfiedDependencyException: Error creating bean with name 'topicoServiceImpl' defined in file [C:\Users\escul\OneDrive\Escritorio\Challenge-foro-alura\Proyecto-API\target\classes\forum\alura\api\services\TopicoServiceImpl.class]: Unsatisfied dependency expressed through constructor parameter 0: Error creating bean with name 'ITopicoRepositorio' defined in forum.alura.api.repositorios.ITopicoRepositorio defined in @EnableJpaRepositories declared on JpaRepositoriesRegistrar.EnableJpaRepositoriesConfiguration: Not a managed type: class forum.alura.api.modelos.topicos
Caused by: org.springframework.beans.factory.BeanCreationException: Error creating bean with name 'ITopicoRepositorio' defined in forum.alura.api.repositorios.ITopicoRepositorio defined in @EnableJpaRepositories declared on JpaRepositoriesRegistrar.EnableJpaRepositoriesConfiguration: Not a managed type: class forum.alura.api.modelos.topicos
Caused by: java.lang.IllegalArgumentException: Not a managed type: class forum.alura.api.modelos.topicos

